<?xml version="1.0" encoding="UTF-8"?>
<!-- Generated by org.testng.reporters.JUnitReportReporter -->
<testsuite skipped="0" hostname="DESKTOP-5JHV4KP" name="com.qa.test.GuestUserTest" tests="1" failures="0" timestamp="2021-02-02T17:43:20 IST" time="108.570" errors="0">
  <testcase name="signInUser" time="108.570" classname="com.qa.test.GuestUserTest"/>
  <system-out/>
</testsuite> <!-- com.qa.test.GuestUserTest -->
