<?xml version="1.0" encoding="UTF-8"?>
<!-- Generated by org.testng.reporters.JUnitReportReporter -->
<testsuite skipped="0" hostname="DESKTOP-5JHV4KP" name="com.qa.base.Noframe" tests="1" failures="0" timestamp="2020-08-25T23:18:30 IST" time="35.165" errors="0">
  <testcase name="beforeTest" time="35.165" classname="com.qa.base.Noframe"/>
  <system-out/>
</testsuite> <!-- com.qa.base.Noframe -->
